{"D:\\Car Dealership Inventory\\backend\\src\\app.js": {"path":"D:\\Car Dealership Inventory\\backend\\src\\app.js","statementMap":{"0":{"start":{"line":1,"column":16},"end":{"line":1,"column":34}},"1":{"start":{"line":2,"column":13},"end":{"line":2,"column":28}},"2":{"start":{"line":3,"column":19},"end":{"line":3,"column":49}},"3":{"start":{"line":4,"column":22},"end":{"line":4,"column":55}},"4":{"start":{"line":6,"column":12},"end":{"line":6,"column":21}},"5":{"start":{"line":8,"column":0},"end":{"line":8,"column":16}},"6":{"start":{"line":9,"column":0},"end":{"line":9,"column":24}},"7":{"start":{"line":11,"column":0},"end":{"line":13,"column":3}},"8":{"start":{"line":12,"column":2},"end":{"line":12,"column":29}},"9":{"start":{"line":15,"column":0},"end":{"line":15,"column":33}},"10":{"start":{"line":16,"column":0},"end":{"line":16,"column":40}},"11":{"start":{"line":18,"column":0},"end":{"line":21,"column":3}},"12":{"start":{"line":19,"column":2},"end":{"line":19,"column":41}},"13":{"start":{"line":20,"column":2},"end":{"line":20,"column":74}},"14":{"start":{"line":23,"column":0},"end":{"line":23,"column":21}}},"fnMap":{"0":{"name":"(anonymous_0)","decl":{"start":{"line":11,"column":23},"end":{"line":11,"column":24}},"loc":{"start":{"line":11,"column":37},"end":{"line":13,"column":1}},"line":11},"1":{"name":"(anonymous_1)","decl":{"start":{"line":18,"column":8},"end":{"line":18,"column":9}},"loc":{"start":{"line":18,"column":33},"end":{"line":21,"column":1}},"line":18}},"branchMap":{"0":{"loc":{"start":{"line":20,"column":32},"end":{"line":20,"column":70}},"type":"binary-expr","locations":[{"start":{"line":20,"column":32},"end":{"line":20,"column":43}},{"start":{"line":20,"column":47},"end":{"line":20,"column":70}}],"line":20}},"s":{"0":9,"1":9,"2":9,"3":9,"4":9,"5":9,"6":9,"7":9,"8":0,"9":9,"10":9,"11":9,"12":0,"13":0,"14":9},"f":{"0":0,"1":0},"b":{"0":[0,0]},"_coverageSchema":"1a1c01bbd47fc00a2c39e90264f33305004495a9","hash":"e92d90eddc062e7cf928cda165a3c7333068fa8c"}
,"D:\\Car Dealership Inventory\\backend\\src\\config\\db.js": {"path":"D:\\Car Dealership Inventory\\backend\\src\\config\\db.js","statementMap":{"0":{"start":{"line":1,"column":17},"end":{"line":1,"column":30}},"1":{"start":{"line":2,"column":0},"end":{"line":2,"column":27}},"2":{"start":{"line":4,"column":13},"end":{"line":9,"column":2}},"3":{"start":{"line":11,"column":0},"end":{"line":11,"column":22}}},"fnMap":{},"branchMap":{"0":{"loc":{"start":{"line":5,"column":20},"end":{"line":7,"column":30}},"type":"cond-expr","locations":[{"start":{"line":6,"column":6},"end":{"line":6,"column":35}},{"start":{"line":7,"column":6},"end":{"line":7,"column":30}}],"line":5}},"s":{"0":9,"1":9,"2":9,"3":9},"f":{},"b":{"0":[9,0]},"_coverageSchema":"1a1c01bbd47fc00a2c39e90264f33305004495a9","hash":"c5b5f72d089f3837df6174496afa7179ef189202"}
,"D:\\Car Dealership Inventory\\backend\\src\\controllers\\authController.js": {"path":"D:\\Car Dealership Inventory\\backend\\src\\controllers\\authController.js","statementMap":{"0":{"start":{"line":1,"column":15},"end":{"line":1,"column":32}},"1":{"start":{"line":2,"column":12},"end":{"line":2,"column":35}},"2":{"start":{"line":3,"column":23},"end":{"line":3,"column":64}},"3":{"start":{"line":5,"column":19},"end":{"line":5,"column":47}},"4":{"start":{"line":8,"column":36},"end":{"line":8,"column":44}},"5":{"start":{"line":10,"column":2},"end":{"line":12,"column":3}},"6":{"start":{"line":11,"column":4},"end":{"line":11,"column":85}},"7":{"start":{"line":14,"column":2},"end":{"line":16,"column":3}},"8":{"start":{"line":15,"column":4},"end":{"line":15,"column":67}},"9":{"start":{"line":18,"column":2},"end":{"line":20,"column":3}},"10":{"start":{"line":19,"column":4},"end":{"line":19,"column":71}},"11":{"start":{"line":22,"column":23},"end":{"line":22,"column":54}},"12":{"start":{"line":23,"column":15},"end":{"line":23,"column":91}},"13":{"start":{"line":25,"column":16},"end":{"line":29,"column":3}},"14":{"start":{"line":31,"column":44},"end":{"line":31,"column":48}},"15":{"start":{"line":32,"column":2},"end":{"line":32,"column":57}},"16":{"start":{"line":36,"column":30},"end":{"line":36,"column":38}},"17":{"start":{"line":38,"column":2},"end":{"line":40,"column":3}},"18":{"start":{"line":39,"column":4},"end":{"line":39,"column":78}},"19":{"start":{"line":42,"column":15},"end":{"line":42,"column":54}},"20":{"start":{"line":44,"column":2},"end":{"line":46,"column":3}},"21":{"start":{"line":45,"column":4},"end":{"line":45,"column":72}},"22":{"start":{"line":48,"column":16},"end":{"line":52,"column":3}},"23":{"start":{"line":54,"column":44},"end":{"line":54,"column":48}},"24":{"start":{"line":55,"column":2},"end":{"line":55,"column":57}},"25":{"start":{"line":58,"column":0},"end":{"line":58,"column":37}}},"fnMap":{"0":{"name":"register","decl":{"start":{"line":7,"column":15},"end":{"line":7,"column":23}},"loc":{"start":{"line":7,"column":34},"end":{"line":33,"column":1}},"line":7},"1":{"name":"login","decl":{"start":{"line":35,"column":15},"end":{"line":35,"column":20}},"loc":{"start":{"line":35,"column":31},"end":{"line":56,"column":1}},"line":35}},"branchMap":{"0":{"loc":{"start":{"line":10,"column":2},"end":{"line":12,"column":3}},"type":"if","locations":[{"start":{"line":10,"column":2},"end":{"line":12,"column":3}},{"start":{},"end":{}}],"line":10},"1":{"loc":{"start":{"line":10,"column":6},"end":{"line":10,"column":34}},"type":"binary-expr","locations":[{"start":{"line":10,"column":6},"end":{"line":10,"column":11}},{"start":{"line":10,"column":15},"end":{"line":10,"column":21}},{"start":{"line":10,"column":25},"end":{"line":10,"column":34}}],"line":10},"2":{"loc":{"start":{"line":14,"column":2},"end":{"line":16,"column":3}},"type":"if","locations":[{"start":{"line":14,"column":2},"end":{"line":16,"column":3}},{"start":{},"end":{}}],"line":14},"3":{"loc":{"start":{"line":18,"column":2},"end":{"line":20,"column":3}},"type":"if","locations":[{"start":{"line":18,"column":2},"end":{"line":20,"column":3}},{"start":{},"end":{}}],"line":18},"4":{"loc":{"start":{"line":38,"column":2},"end":{"line":40,"column":3}},"type":"if","locations":[{"start":{"line":38,"column":2},"end":{"line":40,"column":3}},{"start":{},"end":{}}],"line":38},"5":{"loc":{"start":{"line":38,"column":6},"end":{"line":38,"column":25}},"type":"binary-expr","locations":[{"start":{"line":38,"column":6},"end":{"line":38,"column":12}},{"start":{"line":38,"column":16},"end":{"line":38,"column":25}}],"line":38},"6":{"loc":{"start":{"line":44,"column":2},"end":{"line":46,"column":3}},"type":"if","locations":[{"start":{"line":44,"column":2},"end":{"line":46,"column":3}},{"start":{},"end":{}}],"line":44},"7":{"loc":{"start":{"line":44,"column":6},"end":{"line":44,"column":68}},"type":"binary-expr","locations":[{"start":{"line":44,"column":6},"end":{"line":44,"column":11}},{"start":{"line":44,"column":15},"end":{"line":44,"column":68}}],"line":44}},"s":{"0":9,"1":9,"2":9,"3":9,"4":5,"5":5,"6":2,"7":3,"8":0,"9":3,"10":1,"11":2,"12":2,"13":2,"14":2,"15":2,"16":12,"17":12,"18":0,"19":12,"20":12,"21":2,"22":10,"23":10,"24":10,"25":9},"f":{"0":5,"1":12},"b":{"0":[2,3],"1":[5,3,3],"2":[0,3],"3":[1,2],"4":[0,12],"5":[12,12],"6":[2,10],"7":[12,11]},"_coverageSchema":"1a1c01bbd47fc00a2c39e90264f33305004495a9","hash":"03ba64222566e7eb5cf540f6654e30b4638ac399"}
,"D:\\Car Dealership Inventory\\backend\\src\\controllers\\vehicleController.js": {"path":"D:\\Car Dealership Inventory\\backend\\src\\controllers\\vehicleController.js","statementMap":{"0":{"start":{"line":1,"column":26},"end":{"line":1,"column":70}},"1":{"start":{"line":3,"column":24},"end":{"line":3,"column":74}},"2":{"start":{"line":6,"column":17},"end":{"line":6,"column":19}},"3":{"start":{"line":7,"column":2},"end":{"line":11,"column":3}},"4":{"start":{"line":8,"column":4},"end":{"line":10,"column":5}},"5":{"start":{"line":9,"column":6},"end":{"line":9,"column":42}},"6":{"start":{"line":12,"column":2},"end":{"line":12,"column":39}},"7":{"start":{"line":12,"column":25},"end":{"line":12,"column":39}},"8":{"start":{"line":14,"column":2},"end":{"line":14,"column":72}},"9":{"start":{"line":14,"column":30},"end":{"line":14,"column":72}},"10":{"start":{"line":15,"column":2},"end":{"line":15,"column":78}},"11":{"start":{"line":15,"column":33},"end":{"line":15,"column":78}},"12":{"start":{"line":17,"column":2},"end":{"line":17,"column":16}},"13":{"start":{"line":21,"column":17},"end":{"line":21,"column":19}},"14":{"start":{"line":22,"column":2},"end":{"line":22,"column":100}},"15":{"start":{"line":22,"column":58},"end":{"line":22,"column":100}},"16":{"start":{"line":23,"column":2},"end":{"line":23,"column":109}},"17":{"start":{"line":23,"column":64},"end":{"line":23,"column":109}},"18":{"start":{"line":24,"column":2},"end":{"line":24,"column":16}},"19":{"start":{"line":28,"column":17},"end":{"line":28,"column":47}},"20":{"start":{"line":29,"column":2},"end":{"line":31,"column":3}},"21":{"start":{"line":30,"column":4},"end":{"line":30,"column":62}},"22":{"start":{"line":33,"column":53},"end":{"line":33,"column":61}},"23":{"start":{"line":34,"column":18},"end":{"line":34,"column":92}},"24":{"start":{"line":36,"column":2},"end":{"line":36,"column":43}},"25":{"start":{"line":40,"column":19},"end":{"line":40,"column":52}},"26":{"start":{"line":41,"column":2},"end":{"line":41,"column":44}},"27":{"start":{"line":45,"column":18},"end":{"line":45,"column":65}},"28":{"start":{"line":46,"column":2},"end":{"line":46,"column":76}},"29":{"start":{"line":46,"column":16},"end":{"line":46,"column":76}},"30":{"start":{"line":47,"column":2},"end":{"line":47,"column":43}},"31":{"start":{"line":51,"column":56},"end":{"line":51,"column":65}},"32":{"start":{"line":52,"column":19},"end":{"line":52,"column":96}},"33":{"start":{"line":53,"column":2},"end":{"line":53,"column":44}},"34":{"start":{"line":57,"column":17},"end":{"line":57,"column":46}},"35":{"start":{"line":58,"column":2},"end":{"line":60,"column":3}},"36":{"start":{"line":59,"column":4},"end":{"line":59,"column":62}},"37":{"start":{"line":62,"column":18},"end":{"line":62,"column":65}},"38":{"start":{"line":63,"column":2},"end":{"line":65,"column":3}},"39":{"start":{"line":64,"column":4},"end":{"line":64,"column":64}},"40":{"start":{"line":67,"column":18},"end":{"line":67,"column":73}},"41":{"start":{"line":68,"column":2},"end":{"line":68,"column":52}},"42":{"start":{"line":72,"column":18},"end":{"line":72,"column":63}},"43":{"start":{"line":73,"column":2},"end":{"line":75,"column":3}},"44":{"start":{"line":74,"column":4},"end":{"line":74,"column":64}},"45":{"start":{"line":77,"column":2},"end":{"line":77,"column":62}},"46":{"start":{"line":81,"column":18},"end":{"line":81,"column":65}},"47":{"start":{"line":83,"column":2},"end":{"line":89,"column":3}},"48":{"start":{"line":84,"column":19},"end":{"line":84,"column":66}},"49":{"start":{"line":85,"column":4},"end":{"line":87,"column":5}},"50":{"start":{"line":86,"column":6},"end":{"line":86,"column":66}},"51":{"start":{"line":88,"column":4},"end":{"line":88,"column":66}},"52":{"start":{"line":91,"column":2},"end":{"line":91,"column":43}},"53":{"start":{"line":95,"column":21},"end":{"line":95,"column":29}},"54":{"start":{"line":97,"column":2},"end":{"line":99,"column":3}},"55":{"start":{"line":98,"column":4},"end":{"line":98,"column":76}},"56":{"start":{"line":101,"column":18},"end":{"line":101,"column":80}},"57":{"start":{"line":102,"column":2},"end":{"line":104,"column":3}},"58":{"start":{"line":103,"column":4},"end":{"line":103,"column":64}},"59":{"start":{"line":106,"column":2},"end":{"line":106,"column":43}},"60":{"start":{"line":109,"column":0},"end":{"line":118,"column":2}}},"fnMap":{"0":{"name":"validateVehicleInput","decl":{"start":{"line":5,"column":9},"end":{"line":5,"column":29}},"loc":{"start":{"line":5,"column":36},"end":{"line":18,"column":1}},"line":5},"1":{"name":"validateUpdateInput","decl":{"start":{"line":20,"column":9},"end":{"line":20,"column":28}},"loc":{"start":{"line":20,"column":35},"end":{"line":25,"column":1}},"line":20},"2":{"name":"createVehicle","decl":{"start":{"line":27,"column":15},"end":{"line":27,"column":28}},"loc":{"start":{"line":27,"column":39},"end":{"line":37,"column":1}},"line":27},"3":{"name":"listVehicles","decl":{"start":{"line":39,"column":15},"end":{"line":39,"column":27}},"loc":{"start":{"line":39,"column":38},"end":{"line":42,"column":1}},"line":39},"4":{"name":"getVehicleById","decl":{"start":{"line":44,"column":15},"end":{"line":44,"column":29}},"loc":{"start":{"line":44,"column":40},"end":{"line":48,"column":1}},"line":44},"5":{"name":"searchVehicles","decl":{"start":{"line":50,"column":15},"end":{"line":50,"column":29}},"loc":{"start":{"line":50,"column":40},"end":{"line":54,"column":1}},"line":50},"6":{"name":"updateVehicle","decl":{"start":{"line":56,"column":15},"end":{"line":56,"column":28}},"loc":{"start":{"line":56,"column":39},"end":{"line":69,"column":1}},"line":56},"7":{"name":"deleteVehicle","decl":{"start":{"line":71,"column":15},"end":{"line":71,"column":28}},"loc":{"start":{"line":71,"column":39},"end":{"line":78,"column":1}},"line":71},"8":{"name":"purchaseVehicle","decl":{"start":{"line":80,"column":15},"end":{"line":80,"column":30}},"loc":{"start":{"line":80,"column":41},"end":{"line":92,"column":1}},"line":80},"9":{"name":"restockVehicle","decl":{"start":{"line":94,"column":15},"end":{"line":94,"column":29}},"loc":{"start":{"line":94,"column":40},"end":{"line":107,"column":1}},"line":94}},"branchMap":{"0":{"loc":{"start":{"line":8,"column":4},"end":{"line":10,"column":5}},"type":"if","locations":[{"start":{"line":8,"column":4},"end":{"line":10,"column":5}},{"start":{},"end":{}}],"line":8},"1":{"loc":{"start":{"line":8,"column":8},"end":{"line":8,"column":79}},"type":"binary-expr","locations":[{"start":{"line":8,"column":8},"end":{"line":8,"column":33}},{"start":{"line":8,"column":37},"end":{"line":8,"column":57}},{"start":{"line":8,"column":61},"end":{"line":8,"column":79}}],"line":8},"2":{"loc":{"start":{"line":12,"column":2},"end":{"line":12,"column":39}},"type":"if","locations":[{"start":{"line":12,"column":2},"end":{"line":12,"column":39}},{"start":{},"end":{}}],"line":12},"3":{"loc":{"start":{"line":14,"column":2},"end":{"line":14,"column":72}},"type":"if","locations":[{"start":{"line":14,"column":2},"end":{"line":14,"column":72}},{"start":{},"end":{}}],"line":14},"4":{"loc":{"start":{"line":15,"column":2},"end":{"line":15,"column":78}},"type":"if","locations":[{"start":{"line":15,"column":2},"end":{"line":15,"column":78}},{"start":{},"end":{}}],"line":15},"5":{"loc":{"start":{"line":22,"column":2},"end":{"line":22,"column":100}},"type":"if","locations":[{"start":{"line":22,"column":2},"end":{"line":22,"column":100}},{"start":{},"end":{}}],"line":22},"6":{"loc":{"start":{"line":22,"column":6},"end":{"line":22,"column":56}},"type":"binary-expr","locations":[{"start":{"line":22,"column":6},"end":{"line":22,"column":30}},{"start":{"line":22,"column":34},"end":{"line":22,"column":56}}],"line":22},"7":{"loc":{"start":{"line":23,"column":2},"end":{"line":23,"column":109}},"type":"if","locations":[{"start":{"line":23,"column":2},"end":{"line":23,"column":109}},{"start":{},"end":{}}],"line":23},"8":{"loc":{"start":{"line":23,"column":6},"end":{"line":23,"column":62}},"type":"binary-expr","locations":[{"start":{"line":23,"column":6},"end":{"line":23,"column":33}},{"start":{"line":23,"column":37},"end":{"line":23,"column":62}}],"line":23},"9":{"loc":{"start":{"line":29,"column":2},"end":{"line":31,"column":3}},"type":"if","locations":[{"start":{"line":29,"column":2},"end":{"line":31,"column":3}},{"start":{},"end":{}}],"line":29},"10":{"loc":{"start":{"line":46,"column":2},"end":{"line":46,"column":76}},"type":"if","locations":[{"start":{"line":46,"column":2},"end":{"line":46,"column":76}},{"start":{},"end":{}}],"line":46},"11":{"loc":{"start":{"line":58,"column":2},"end":{"line":60,"column":3}},"type":"if","locations":[{"start":{"line":58,"column":2},"end":{"line":60,"column":3}},{"start":{},"end":{}}],"line":58},"12":{"loc":{"start":{"line":63,"column":2},"end":{"line":65,"column":3}},"type":"if","locations":[{"start":{"line":63,"column":2},"end":{"line":65,"column":3}},{"start":{},"end":{}}],"line":63},"13":{"loc":{"start":{"line":73,"column":2},"end":{"line":75,"column":3}},"type":"if","locations":[{"start":{"line":73,"column":2},"end":{"line":75,"column":3}},{"start":{},"end":{}}],"line":73},"14":{"loc":{"start":{"line":83,"column":2},"end":{"line":89,"column":3}},"type":"if","locations":[{"start":{"line":83,"column":2},"end":{"line":89,"column":3}},{"start":{},"end":{}}],"line":83},"15":{"loc":{"start":{"line":85,"column":4},"end":{"line":87,"column":5}},"type":"if","locations":[{"start":{"line":85,"column":4},"end":{"line":87,"column":5}},{"start":{},"end":{}}],"line":85},"16":{"loc":{"start":{"line":97,"column":2},"end":{"line":99,"column":3}},"type":"if","locations":[{"start":{"line":97,"column":2},"end":{"line":99,"column":3}},{"start":{},"end":{}}],"line":97},"17":{"loc":{"start":{"line":97,"column":6},"end":{"line":97,"column":85}},"type":"binary-expr","locations":[{"start":{"line":97,"column":6},"end":{"line":97,"column":26}},{"start":{"line":97,"column":30},"end":{"line":97,"column":45}},{"start":{"line":97,"column":49},"end":{"line":97,"column":62}},{"start":{"line":97,"column":66},"end":{"line":97,"column":85}}],"line":97},"18":{"loc":{"start":{"line":102,"column":2},"end":{"line":104,"column":3}},"type":"if","locations":[{"start":{"line":102,"column":2},"end":{"line":104,"column":3}},{"start":{},"end":{}}],"line":102}},"s":{"0":9,"1":9,"2":4,"3":4,"4":20,"5":3,"6":4,"7":1,"8":3,"9":1,"10":3,"11":1,"12":3,"13":3,"14":3,"15":1,"16":3,"17":0,"18":3,"19":4,"20":4,"21":3,"22":1,"23":1,"24":1,"25":2,"26":2,"27":0,"28":0,"29":0,"30":0,"31":7,"32":7,"33":7,"34":3,"35":3,"36":1,"37":2,"38":2,"39":1,"40":1,"41":1,"42":2,"43":2,"44":1,"45":1,"46":3,"47":3,"48":2,"49":2,"50":1,"51":1,"52":1,"53":4,"54":4,"55":3,"56":1,"57":1,"58":0,"59":1,"60":9},"f":{"0":4,"1":3,"2":4,"3":2,"4":0,"5":7,"6":3,"7":2,"8":3,"9":4},"b":{"0":[3,17],"1":[20,17,17],"2":[1,3],"3":[1,2],"4":[1,2],"5":[1,2],"6":[3,3],"7":[0,3],"8":[3,1],"9":[3,1],"10":[0,0],"11":[1,2],"12":[1,1],"13":[1,1],"14":[2,1],"15":[1,1],"16":[3,1],"17":[4,3,3,3],"18":[0,1]},"_coverageSchema":"1a1c01bbd47fc00a2c39e90264f33305004495a9","hash":"3464abf68ef97cb2b82c0c6c324f64f83f0f5004"}
,"D:\\Car Dealership Inventory\\backend\\src\\middleware\\authMiddleware.js": {"path":"D:\\Car Dealership Inventory\\backend\\src\\middleware\\authMiddleware.js","statementMap":{"0":{"start":{"line":1,"column":12},"end":{"line":1,"column":35}},"1":{"start":{"line":4,"column":17},"end":{"line":4,"column":42}},"2":{"start":{"line":6,"column":2},"end":{"line":8,"column":3}},"3":{"start":{"line":7,"column":4},"end":{"line":7,"column":64}},"4":{"start":{"line":10,"column":16},"end":{"line":10,"column":36}},"5":{"start":{"line":12,"column":2},"end":{"line":18,"column":3}},"6":{"start":{"line":13,"column":20},"end":{"line":13,"column":61}},"7":{"start":{"line":14,"column":4},"end":{"line":14,"column":23}},"8":{"start":{"line":15,"column":4},"end":{"line":15,"column":11}},"9":{"start":{"line":17,"column":4},"end":{"line":17,"column":60}},"10":{"start":{"line":22,"column":2},"end":{"line":24,"column":3}},"11":{"start":{"line":23,"column":4},"end":{"line":23,"column":68}},"12":{"start":{"line":25,"column":2},"end":{"line":25,"column":9}},"13":{"start":{"line":28,"column":0},"end":{"line":28,"column":47}}},"fnMap":{"0":{"name":"requireAuth","decl":{"start":{"line":3,"column":9},"end":{"line":3,"column":20}},"loc":{"start":{"line":3,"column":37},"end":{"line":19,"column":1}},"line":3},"1":{"name":"requireAdmin","decl":{"start":{"line":21,"column":9},"end":{"line":21,"column":21}},"loc":{"start":{"line":21,"column":38},"end":{"line":26,"column":1}},"line":21}},"branchMap":{"0":{"loc":{"start":{"line":6,"column":2},"end":{"line":8,"column":3}},"type":"if","locations":[{"start":{"line":6,"column":2},"end":{"line":8,"column":3}},{"start":{},"end":{}}],"line":6},"1":{"loc":{"start":{"line":6,"column":6},"end":{"line":6,"column":46}},"type":"binary-expr","locations":[{"start":{"line":6,"column":6},"end":{"line":6,"column":13}},{"start":{"line":6,"column":17},"end":{"line":6,"column":46}}],"line":6},"2":{"loc":{"start":{"line":22,"column":2},"end":{"line":24,"column":3}},"type":"if","locations":[{"start":{"line":22,"column":2},"end":{"line":24,"column":3}},{"start":{},"end":{}}],"line":22}},"s":{"0":10,"1":39,"2":39,"3":8,"4":31,"5":31,"6":31,"7":30,"8":30,"9":1,"10":10,"11":3,"12":7,"13":10},"f":{"0":39,"1":10},"b":{"0":[8,31],"1":[39,31],"2":[3,7]},"_coverageSchema":"1a1c01bbd47fc00a2c39e90264f33305004495a9","hash":"5464f851bc42ff88dfb4c14b86132a6a5fa41a39"}
,"D:\\Car Dealership Inventory\\backend\\src\\repositories\\userRepository.js": {"path":"D:\\Car Dealership Inventory\\backend\\src\\repositories\\userRepository.js","statementMap":{"0":{"start":{"line":1,"column":13},"end":{"line":1,"column":36}},"1":{"start":{"line":4,"column":19},"end":{"line":4,"column":84}},"2":{"start":{"line":5,"column":2},"end":{"line":5,"column":25}},"3":{"start":{"line":9,"column":19},"end":{"line":9,"column":84}},"4":{"start":{"line":10,"column":2},"end":{"line":10,"column":25}},"5":{"start":{"line":14,"column":19},"end":{"line":17,"column":3}},"6":{"start":{"line":18,"column":2},"end":{"line":18,"column":17}},"7":{"start":{"line":21,"column":0},"end":{"line":21,"column":58}}},"fnMap":{"0":{"name":"findByEmail","decl":{"start":{"line":3,"column":15},"end":{"line":3,"column":26}},"loc":{"start":{"line":3,"column":34},"end":{"line":6,"column":1}},"line":3},"1":{"name":"emailExists","decl":{"start":{"line":8,"column":15},"end":{"line":8,"column":26}},"loc":{"start":{"line":8,"column":34},"end":{"line":11,"column":1}},"line":8},"2":{"name":"createUser","decl":{"start":{"line":13,"column":15},"end":{"line":13,"column":25}},"loc":{"start":{"line":13,"column":63},"end":{"line":19,"column":1}},"line":13}},"branchMap":{"0":{"loc":{"start":{"line":5,"column":9},"end":{"line":5,"column":24}},"type":"binary-expr","locations":[{"start":{"line":5,"column":9},"end":{"line":5,"column":16}},{"start":{"line":5,"column":20},"end":{"line":5,"column":24}}],"line":5}},"s":{"0":9,"1":12,"2":12,"3":3,"4":3,"5":2,"6":2,"7":9},"f":{"0":12,"1":3,"2":2},"b":{"0":[12,1]},"_coverageSchema":"1a1c01bbd47fc00a2c39e90264f33305004495a9","hash":"00b5c1311fdf27659907bf805d83cdc1e4e47dbe"}
,"D:\\Car Dealership Inventory\\backend\\src\\repositories\\vehicleRepository.js": {"path":"D:\\Car Dealership Inventory\\backend\\src\\repositories\\vehicleRepository.js","statementMap":{"0":{"start":{"line":1,"column":13},"end":{"line":1,"column":36}},"1":{"start":{"line":4,"column":19},"end":{"line":9,"column":3}},"2":{"start":{"line":10,"column":2},"end":{"line":10,"column":17}},"3":{"start":{"line":14,"column":19},"end":{"line":14,"column":73}},"4":{"start":{"line":15,"column":2},"end":{"line":15,"column":14}},"5":{"start":{"line":19,"column":19},"end":{"line":19,"column":81}},"6":{"start":{"line":20,"column":2},"end":{"line":20,"column":25}},"7":{"start":{"line":24,"column":21},"end":{"line":24,"column":23}},"8":{"start":{"line":25,"column":17},"end":{"line":25,"column":19}},"9":{"start":{"line":27,"column":2},"end":{"line":27,"column":96}},"10":{"start":{"line":27,"column":18},"end":{"line":27,"column":43}},"11":{"start":{"line":27,"column":46},"end":{"line":27,"column":94}},"12":{"start":{"line":28,"column":2},"end":{"line":28,"column":97}},"13":{"start":{"line":28,"column":18},"end":{"line":28,"column":44}},"14":{"start":{"line":28,"column":46},"end":{"line":28,"column":95}},"15":{"start":{"line":29,"column":2},"end":{"line":29,"column":96}},"16":{"start":{"line":29,"column":18},"end":{"line":29,"column":40}},"17":{"start":{"line":29,"column":46},"end":{"line":29,"column":94}},"18":{"start":{"line":30,"column":2},"end":{"line":30,"column":95}},"19":{"start":{"line":30,"column":18},"end":{"line":30,"column":40}},"20":{"start":{"line":30,"column":47},"end":{"line":30,"column":93}},"21":{"start":{"line":31,"column":2},"end":{"line":31,"column":95}},"22":{"start":{"line":31,"column":18},"end":{"line":31,"column":40}},"23":{"start":{"line":31,"column":47},"end":{"line":31,"column":93}},"24":{"start":{"line":33,"column":16},"end":{"line":33,"column":76}},"25":{"start":{"line":34,"column":19},"end":{"line":34,"column":90}},"26":{"start":{"line":35,"column":2},"end":{"line":35,"column":14}},"27":{"start":{"line":39,"column":21},"end":{"line":39,"column":23}},"28":{"start":{"line":40,"column":17},"end":{"line":40,"column":19}},"29":{"start":{"line":41,"column":24},"end":{"line":41,"column":74}},"30":{"start":{"line":43,"column":2},"end":{"line":48,"column":3}},"31":{"start":{"line":44,"column":4},"end":{"line":47,"column":5}},"32":{"start":{"line":45,"column":6},"end":{"line":45,"column":33}},"33":{"start":{"line":46,"column":6},"end":{"line":46,"column":54}},"34":{"start":{"line":50,"column":2},"end":{"line":50,"column":43}},"35":{"start":{"line":50,"column":31},"end":{"line":50,"column":43}},"36":{"start":{"line":52,"column":2},"end":{"line":52,"column":18}},"37":{"start":{"line":53,"column":19},"end":{"line":56,"column":3}},"38":{"start":{"line":57,"column":2},"end":{"line":57,"column":25}},"39":{"start":{"line":61,"column":19},"end":{"line":61,"column":91}},"40":{"start":{"line":62,"column":2},"end":{"line":62,"column":25}},"41":{"start":{"line":66,"column":19},"end":{"line":69,"column":3}},"42":{"start":{"line":70,"column":2},"end":{"line":70,"column":25}},"43":{"start":{"line":74,"column":19},"end":{"line":77,"column":3}},"44":{"start":{"line":78,"column":2},"end":{"line":78,"column":25}},"45":{"start":{"line":81,"column":0},"end":{"line":81,"column":90}}},"fnMap":{"0":{"name":"create","decl":{"start":{"line":3,"column":15},"end":{"line":3,"column":21}},"loc":{"start":{"line":3,"column":66},"end":{"line":11,"column":1}},"line":3},"1":{"name":"findAll","decl":{"start":{"line":13,"column":15},"end":{"line":13,"column":22}},"loc":{"start":{"line":13,"column":25},"end":{"line":16,"column":1}},"line":13},"2":{"name":"findById","decl":{"start":{"line":18,"column":15},"end":{"line":18,"column":23}},"loc":{"start":{"line":18,"column":28},"end":{"line":21,"column":1}},"line":18},"3":{"name":"search","decl":{"start":{"line":23,"column":15},"end":{"line":23,"column":21}},"loc":{"start":{"line":23,"column":69},"end":{"line":36,"column":1}},"line":23},"4":{"name":"update","decl":{"start":{"line":38,"column":15},"end":{"line":38,"column":21}},"loc":{"start":{"line":38,"column":34},"end":{"line":58,"column":1}},"line":38},"5":{"name":"remove","decl":{"start":{"line":60,"column":15},"end":{"line":60,"column":21}},"loc":{"start":{"line":60,"column":26},"end":{"line":63,"column":1}},"line":60},"6":{"name":"purchase","decl":{"start":{"line":65,"column":15},"end":{"line":65,"column":23}},"loc":{"start":{"line":65,"column":28},"end":{"line":71,"column":1}},"line":65},"7":{"name":"restock","decl":{"start":{"line":73,"column":15},"end":{"line":73,"column":22}},"loc":{"start":{"line":73,"column":35},"end":{"line":79,"column":1}},"line":73}},"branchMap":{"0":{"loc":{"start":{"line":20,"column":9},"end":{"line":20,"column":24}},"type":"binary-expr","locations":[{"start":{"line":20,"column":9},"end":{"line":20,"column":16}},{"start":{"line":20,"column":20},"end":{"line":20,"column":24}}],"line":20},"1":{"loc":{"start":{"line":27,"column":2},"end":{"line":27,"column":96}},"type":"if","locations":[{"start":{"line":27,"column":2},"end":{"line":27,"column":96}},{"start":{},"end":{}}],"line":27},"2":{"loc":{"start":{"line":28,"column":2},"end":{"line":28,"column":97}},"type":"if","locations":[{"start":{"line":28,"column":2},"end":{"line":28,"column":97}},{"start":{},"end":{}}],"line":28},"3":{"loc":{"start":{"line":29,"column":2},"end":{"line":29,"column":96}},"type":"if","locations":[{"start":{"line":29,"column":2},"end":{"line":29,"column":96}},{"start":{},"end":{}}],"line":29},"4":{"loc":{"start":{"line":30,"column":2},"end":{"line":30,"column":95}},"type":"if","locations":[{"start":{"line":30,"column":2},"end":{"line":30,"column":95}},{"start":{},"end":{}}],"line":30},"5":{"loc":{"start":{"line":31,"column":2},"end":{"line":31,"column":95}},"type":"if","locations":[{"start":{"line":31,"column":2},"end":{"line":31,"column":95}},{"start":{},"end":{}}],"line":31},"6":{"loc":{"start":{"line":33,"column":16},"end":{"line":33,"column":76}},"type":"cond-expr","locations":[{"start":{"line":33,"column":36},"end":{"line":33,"column":71}},{"start":{"line":33,"column":74},"end":{"line":33,"column":76}}],"line":33},"7":{"loc":{"start":{"line":44,"column":4},"end":{"line":47,"column":5}},"type":"if","locations":[{"start":{"line":44,"column":4},"end":{"line":47,"column":5}},{"start":{},"end":{}}],"line":44},"8":{"loc":{"start":{"line":50,"column":2},"end":{"line":50,"column":43}},"type":"if","locations":[{"start":{"line":50,"column":2},"end":{"line":50,"column":43}},{"start":{},"end":{}}],"line":50},"9":{"loc":{"start":{"line":57,"column":9},"end":{"line":57,"column":24}},"type":"binary-expr","locations":[{"start":{"line":57,"column":9},"end":{"line":57,"column":16}},{"start":{"line":57,"column":20},"end":{"line":57,"column":24}}],"line":57},"10":{"loc":{"start":{"line":62,"column":9},"end":{"line":62,"column":24}},"type":"binary-expr","locations":[{"start":{"line":62,"column":9},"end":{"line":62,"column":16}},{"start":{"line":62,"column":20},"end":{"line":62,"column":24}}],"line":62},"11":{"loc":{"start":{"line":70,"column":9},"end":{"line":70,"column":24}},"type":"binary-expr","locations":[{"start":{"line":70,"column":9},"end":{"line":70,"column":16}},{"start":{"line":70,"column":20},"end":{"line":70,"column":24}}],"line":70},"12":{"loc":{"start":{"line":78,"column":9},"end":{"line":78,"column":24}},"type":"binary-expr","locations":[{"start":{"line":78,"column":9},"end":{"line":78,"column":16}},{"start":{"line":78,"column":20},"end":{"line":78,"column":24}}],"line":78}},"s":{"0":9,"1":1,"2":1,"3":2,"4":2,"5":4,"6":4,"7":7,"8":7,"9":7,"10":2,"11":2,"12":7,"13":1,"14":1,"15":7,"16":2,"17":2,"18":7,"19":2,"20":2,"21":7,"22":2,"23":2,"24":7,"25":7,"26":7,"27":1,"28":1,"29":1,"30":1,"31":5,"32":5,"33":5,"34":1,"35":0,"36":1,"37":1,"38":1,"39":2,"40":2,"41":3,"42":3,"43":1,"44":1,"45":9},"f":{"0":1,"1":2,"2":4,"3":7,"4":1,"5":2,"6":3,"7":1},"b":{"0":[4,2],"1":[2,5],"2":[1,6],"3":[2,5],"4":[2,5],"5":[2,5],"6":[7,0],"7":[5,0],"8":[0,1],"9":[1,0],"10":[2,1],"11":[3,2],"12":[1,0]},"_coverageSchema":"1a1c01bbd47fc00a2c39e90264f33305004495a9","hash":"e69cd467e1368843bb064acae41cad4a3fcd4683"}
,"D:\\Car Dealership Inventory\\backend\\src\\routes\\authRoutes.js": {"path":"D:\\Car Dealership Inventory\\backend\\src\\routes\\authRoutes.js","statementMap":{"0":{"start":{"line":1,"column":19},"end":{"line":1,"column":37}},"1":{"start":{"line":2,"column":23},"end":{"line":2,"column":63}},"2":{"start":{"line":4,"column":15},"end":{"line":4,"column":23}},"3":{"start":{"line":6,"column":0},"end":{"line":6,"column":50}},"4":{"start":{"line":7,"column":0},"end":{"line":7,"column":44}},"5":{"start":{"line":9,"column":0},"end":{"line":9,"column":24}}},"fnMap":{},"branchMap":{},"s":{"0":9,"1":9,"2":9,"3":9,"4":9,"5":9},"f":{},"b":{},"_coverageSchema":"1a1c01bbd47fc00a2c39e90264f33305004495a9","hash":"27308ad7d9a5f6f467e322c02f6e68908d4136b4"}
,"D:\\Car Dealership Inventory\\backend\\src\\routes\\vehicleRoutes.js": {"path":"D:\\Car Dealership Inventory\\backend\\src\\routes\\vehicleRoutes.js","statementMap":{"0":{"start":{"line":1,"column":19},"end":{"line":1,"column":37}},"1":{"start":{"line":2,"column":38},"end":{"line":2,"column":77}},"2":{"start":{"line":3,"column":26},"end":{"line":3,"column":69}},"3":{"start":{"line":5,"column":15},"end":{"line":5,"column":23}},"4":{"start":{"line":7,"column":0},"end":{"line":7,"column":63}},"5":{"start":{"line":8,"column":0},"end":{"line":8,"column":61}},"6":{"start":{"line":9,"column":0},"end":{"line":9,"column":69}},"7":{"start":{"line":10,"column":0},"end":{"line":10,"column":66}},"8":{"start":{"line":11,"column":0},"end":{"line":11,"column":65}},"9":{"start":{"line":12,"column":0},"end":{"line":12,"column":82}},"10":{"start":{"line":13,"column":0},"end":{"line":13,"column":77}},"11":{"start":{"line":14,"column":0},"end":{"line":14,"column":89}},"12":{"start":{"line":16,"column":0},"end":{"line":16,"column":24}}},"fnMap":{},"branchMap":{},"s":{"0":9,"1":9,"2":9,"3":9,"4":9,"5":9,"6":9,"7":9,"8":9,"9":9,"10":9,"11":9,"12":9},"f":{},"b":{},"_coverageSchema":"1a1c01bbd47fc00a2c39e90264f33305004495a9","hash":"a108568a6e30e3f2c7a66265531fc3249eba7e6e"}
}
