TN:
SF:src\app.js
FN:14,(anonymous_0)
FNF:1
FNH:0
FNDA:0,(anonymous_0)
DA:1,9
DA:2,9
DA:3,9
DA:4,9
DA:6,9
DA:8,9
DA:9,9
DA:11,9
DA:12,9
DA:14,9
DA:15,0
DA:16,0
DA:19,9
LF:13
LH:11
BRDA:16,0,0,0
BRDA:16,0,1,0
BRF:2
BRH:0
end_of_record
TN:
SF:src\config\db.js
FNF:0
FNH:0
DA:1,9
DA:2,9
DA:4,9
DA:11,9
LF:4
LH:4
BRDA:5,0,0,9
BRDA:5,0,1,0
BRF:2
BRH:1
end_of_record
TN:
SF:src\controllers\authController.js
FN:5,validateRegisterInput
FN:12,register
FN:30,login
FNF:3
FNH:3
FNDA:5,validateRegisterInput
FNDA:5,register
FNDA:12,login
DA:1,9
DA:2,9
DA:3,9
DA:6,5
DA:7,5
DA:8,5
DA:9,5
DA:13,5
DA:14,5
DA:15,2
DA:18,3
DA:20,3
DA:21,1
DA:24,2
DA:25,2
DA:27,2
DA:31,12
DA:33,12
DA:34,0
DA:37,12
DA:39,12
DA:40,2
DA:43,10
DA:49,10
DA:52,9
LF:25
LH:24
BRDA:7,0,0,1
BRDA:7,0,1,4
BRDA:8,1,0,1
BRDA:8,1,1,4
BRDA:14,2,0,2
BRDA:14,2,1,3
BRDA:20,3,0,1
BRDA:20,3,1,2
BRDA:33,4,0,0
BRDA:33,4,1,12
BRDA:33,5,0,12
BRDA:33,5,1,12
BRDA:39,6,0,2
BRDA:39,6,1,10
BRDA:39,7,0,12
BRDA:39,7,1,11
BRF:16
BRH:15
end_of_record
TN:
SF:src\controllers\vehicleController.js
FN:5,validateVehicleInput
FN:20,validateUpdateInput
FN:27,createVehicle
FN:39,listVehicles
FN:44,searchVehicles
FN:50,updateVehicle
FN:64,deleteVehicle
FN:73,purchaseVehicle
FN:87,restockVehicle
FNF:9
FNH:9
FNDA:4,validateVehicleInput
FNDA:3,validateUpdateInput
FNDA:4,createVehicle
FNDA:2,listVehicles
FNDA:7,searchVehicles
FNDA:3,updateVehicle
FNDA:2,deleteVehicle
FNDA:3,purchaseVehicle
FNDA:4,restockVehicle
DA:1,9
DA:3,9
DA:6,4
DA:7,4
DA:8,20
DA:9,3
DA:12,4
DA:14,3
DA:15,3
DA:17,3
DA:21,3
DA:22,3
DA:23,3
DA:24,3
DA:28,4
DA:29,4
DA:30,3
DA:33,1
DA:34,1
DA:36,1
DA:40,2
DA:41,2
DA:45,7
DA:46,7
DA:47,7
DA:51,3
DA:52,3
DA:53,1
DA:56,2
DA:57,2
DA:58,1
DA:61,1
DA:65,2
DA:66,2
DA:67,1
DA:70,1
DA:74,3
DA:76,3
DA:77,2
DA:78,2
DA:79,1
DA:81,1
DA:84,1
DA:88,4
DA:90,4
DA:91,3
DA:94,1
DA:95,1
DA:96,0
DA:99,1
DA:102,9
LF:51
LH:50
BRDA:8,0,0,3
BRDA:8,0,1,17
BRDA:8,1,0,20
BRDA:8,1,1,17
BRDA:8,1,2,17
BRDA:12,2,0,1
BRDA:12,2,1,3
BRDA:14,3,0,1
BRDA:14,3,1,2
BRDA:15,4,0,1
BRDA:15,4,1,2
BRDA:22,5,0,1
BRDA:22,5,1,2
BRDA:22,6,0,3
BRDA:22,6,1,3
BRDA:23,7,0,0
BRDA:23,7,1,3
BRDA:23,8,0,3
BRDA:23,8,1,1
BRDA:29,9,0,3
BRDA:29,9,1,1
BRDA:52,10,0,1
BRDA:52,10,1,2
BRDA:57,11,0,1
BRDA:57,11,1,1
BRDA:66,12,0,1
BRDA:66,12,1,1
BRDA:76,13,0,2
BRDA:76,13,1,1
BRDA:78,14,0,1
BRDA:78,14,1,1
BRDA:90,15,0,3
BRDA:90,15,1,1
BRDA:90,16,0,4
BRDA:90,16,1,3
BRDA:90,16,2,3
BRDA:90,16,3,3
BRDA:95,17,0,0
BRDA:95,17,1,1
BRF:39
BRH:37
end_of_record
TN:
SF:src\middleware\authMiddleware.js
FN:3,requireAuth
FN:21,requireAdmin
FNF:2
FNH:2
FNDA:39,requireAuth
FNDA:10,requireAdmin
DA:1,10
DA:4,39
DA:6,39
DA:7,8
DA:10,31
DA:12,31
DA:13,31
DA:14,30
DA:15,30
DA:17,1
DA:22,10
DA:23,3
DA:25,7
DA:28,10
LF:14
LH:14
BRDA:6,0,0,8
BRDA:6,0,1,31
BRDA:6,1,0,39
BRDA:6,1,1,31
BRDA:22,2,0,3
BRDA:22,2,1,7
BRF:6
BRH:6
end_of_record
TN:
SF:src\repositories\userRepository.js
FN:3,findByEmail
FN:8,emailExists
FN:13,createUser
FNF:3
FNH:3
FNDA:12,findByEmail
FNDA:3,emailExists
FNDA:2,createUser
DA:1,9
DA:4,12
DA:5,12
DA:9,3
DA:10,3
DA:14,2
DA:18,2
DA:21,9
LF:8
LH:8
BRDA:5,0,0,12
BRDA:5,0,1,1
BRF:2
BRH:2
end_of_record
TN:
SF:src\repositories\vehicleRepository.js
FN:3,create
FN:13,findAll
FN:18,findById
FN:23,search
FN:38,update
FN:60,remove
FN:65,purchase
FN:73,restock
FNF:8
FNH:8
FNDA:1,create
FNDA:2,findAll
FNDA:2,findById
FNDA:7,search
FNDA:2,update
FNDA:2,remove
FNDA:3,purchase
FNDA:1,restock
DA:1,9
DA:4,1
DA:10,1
DA:14,2
DA:15,2
DA:19,2
DA:20,2
DA:24,7
DA:25,7
DA:27,7
DA:28,7
DA:29,7
DA:30,7
DA:31,7
DA:33,7
DA:34,7
DA:35,7
DA:39,2
DA:40,2
DA:41,2
DA:43,2
DA:44,10
DA:45,6
DA:46,6
DA:50,2
DA:52,2
DA:53,2
DA:57,2
DA:61,2
DA:62,2
DA:66,3
DA:70,3
DA:74,1
DA:78,1
DA:81,9
LF:35
LH:35
BRDA:20,0,0,2
BRDA:20,0,1,1
BRDA:27,1,0,2
BRDA:27,1,1,5
BRDA:28,2,0,1
BRDA:28,2,1,6
BRDA:29,3,0,2
BRDA:29,3,1,5
BRDA:30,4,0,2
BRDA:30,4,1,5
BRDA:31,5,0,2
BRDA:31,5,1,5
BRDA:33,6,0,7
BRDA:33,6,1,0
BRDA:44,7,0,6
BRDA:44,7,1,4
BRDA:50,8,0,0
BRDA:50,8,1,2
BRDA:57,9,0,2
BRDA:57,9,1,1
BRDA:62,10,0,2
BRDA:62,10,1,1
BRDA:70,11,0,3
BRDA:70,11,1,2
BRDA:78,12,0,1
BRDA:78,12,1,0
BRF:26
BRH:23
end_of_record
TN:
SF:src\routes\authRoutes.js
FNF:0
FNH:0
DA:1,9
DA:2,9
DA:4,9
DA:6,9
DA:7,9
DA:9,9
LF:6
LH:6
BRF:0
BRH:0
end_of_record
TN:
SF:src\routes\vehicleRoutes.js
FNF:0
FNH:0
DA:1,9
DA:2,9
DA:3,9
DA:5,9
DA:7,9
DA:8,9
DA:9,9
DA:10,9
DA:11,9
DA:12,9
DA:13,9
DA:15,9
LF:12
LH:12
BRF:0
BRH:0
end_of_record
