TN:
SF:src\app.js
FN:11,(anonymous_0)
FN:18,(anonymous_1)
FNF:2
FNH:0
FNDA:0,(anonymous_0)
FNDA:0,(anonymous_1)
DA:1,9
DA:2,9
DA:3,9
DA:4,9
DA:6,9
DA:8,9
DA:9,9
DA:11,9
DA:12,0
DA:15,9
DA:16,9
DA:18,9
DA:19,0
DA:20,0
DA:23,9
LF:15
LH:12
BRDA:20,0,0,0
BRDA:20,0,1,0
BRF:2
BRH:0
end_of_record
TN:
SF:src\config\db.js
FNF:0
FNH:0
DA:1,9
DA:2,9
DA:4,9
DA:11,9
LF:4
LH:4
BRDA:5,0,0,9
BRDA:5,0,1,0
BRF:2
BRH:1
end_of_record
TN:
SF:src\controllers\authController.js
FN:7,register
FN:35,login
FNF:2
FNH:2
FNDA:5,register
FNDA:12,login
DA:1,9
DA:2,9
DA:3,9
DA:5,9
DA:8,5
DA:10,5
DA:11,2
DA:14,3
DA:15,0
DA:18,3
DA:19,1
DA:22,2
DA:23,2
DA:25,2
DA:31,2
DA:32,2
DA:36,12
DA:38,12
DA:39,0
DA:42,12
DA:44,12
DA:45,2
DA:48,10
DA:54,10
DA:55,10
DA:58,9
LF:26
LH:24
BRDA:10,0,0,2
BRDA:10,0,1,3
BRDA:10,1,0,5
BRDA:10,1,1,3
BRDA:10,1,2,3
BRDA:14,2,0,0
BRDA:14,2,1,3
BRDA:18,3,0,1
BRDA:18,3,1,2
BRDA:38,4,0,0
BRDA:38,4,1,12
BRDA:38,5,0,12
BRDA:38,5,1,12
BRDA:44,6,0,2
BRDA:44,6,1,10
BRDA:44,7,0,12
BRDA:44,7,1,11
BRF:17
BRH:15
end_of_record
TN:
SF:src\controllers\vehicleController.js
FN:5,validateVehicleInput
FN:20,validateUpdateInput
FN:27,createVehicle
FN:39,listVehicles
FN:44,getVehicleById
FN:50,searchVehicles
FN:56,updateVehicle
FN:71,deleteVehicle
FN:80,purchaseVehicle
FN:94,restockVehicle
FNF:10
FNH:9
FNDA:4,validateVehicleInput
FNDA:3,validateUpdateInput
FNDA:4,createVehicle
FNDA:2,listVehicles
FNDA:0,getVehicleById
FNDA:7,searchVehicles
FNDA:3,updateVehicle
FNDA:2,deleteVehicle
FNDA:3,purchaseVehicle
FNDA:4,restockVehicle
DA:1,9
DA:3,9
DA:6,4
DA:7,4
DA:8,20
DA:9,3
DA:12,4
DA:14,3
DA:15,3
DA:17,3
DA:21,3
DA:22,3
DA:23,3
DA:24,3
DA:28,4
DA:29,4
DA:30,3
DA:33,1
DA:34,1
DA:36,1
DA:40,2
DA:41,2
DA:45,0
DA:46,0
DA:47,0
DA:51,7
DA:52,7
DA:53,7
DA:57,3
DA:58,3
DA:59,1
DA:62,2
DA:63,2
DA:64,1
DA:67,1
DA:68,1
DA:72,2
DA:73,2
DA:74,1
DA:77,1
DA:81,3
DA:83,3
DA:84,2
DA:85,2
DA:86,1
DA:88,1
DA:91,1
DA:95,4
DA:97,4
DA:98,3
DA:101,1
DA:102,1
DA:103,0
DA:106,1
DA:109,9
LF:55
LH:51
BRDA:8,0,0,3
BRDA:8,0,1,17
BRDA:8,1,0,20
BRDA:8,1,1,17
BRDA:8,1,2,17
BRDA:12,2,0,1
BRDA:12,2,1,3
BRDA:14,3,0,1
BRDA:14,3,1,2
BRDA:15,4,0,1
BRDA:15,4,1,2
BRDA:22,5,0,1
BRDA:22,5,1,2
BRDA:22,6,0,3
BRDA:22,6,1,3
BRDA:23,7,0,0
BRDA:23,7,1,3
BRDA:23,8,0,3
BRDA:23,8,1,1
BRDA:29,9,0,3
BRDA:29,9,1,1
BRDA:46,10,0,0
BRDA:46,10,1,0
BRDA:58,11,0,1
BRDA:58,11,1,2
BRDA:63,12,0,1
BRDA:63,12,1,1
BRDA:73,13,0,1
BRDA:73,13,1,1
BRDA:83,14,0,2
BRDA:83,14,1,1
BRDA:85,15,0,1
BRDA:85,15,1,1
BRDA:97,16,0,3
BRDA:97,16,1,1
BRDA:97,17,0,4
BRDA:97,17,1,3
BRDA:97,17,2,3
BRDA:97,17,3,3
BRDA:102,18,0,0
BRDA:102,18,1,1
BRF:41
BRH:37
end_of_record
TN:
SF:src\middleware\authMiddleware.js
FN:3,requireAuth
FN:21,requireAdmin
FNF:2
FNH:2
FNDA:39,requireAuth
FNDA:10,requireAdmin
DA:1,10
DA:4,39
DA:6,39
DA:7,8
DA:10,31
DA:12,31
DA:13,31
DA:14,30
DA:15,30
DA:17,1
DA:22,10
DA:23,3
DA:25,7
DA:28,10
LF:14
LH:14
BRDA:6,0,0,8
BRDA:6,0,1,31
BRDA:6,1,0,39
BRDA:6,1,1,31
BRDA:22,2,0,3
BRDA:22,2,1,7
BRF:6
BRH:6
end_of_record
TN:
SF:src\repositories\userRepository.js
FN:3,findByEmail
FN:8,emailExists
FN:13,createUser
FNF:3
FNH:3
FNDA:12,findByEmail
FNDA:3,emailExists
FNDA:2,createUser
DA:1,9
DA:4,12
DA:5,12
DA:9,3
DA:10,3
DA:14,2
DA:18,2
DA:21,9
LF:8
LH:8
BRDA:5,0,0,12
BRDA:5,0,1,1
BRF:2
BRH:2
end_of_record
TN:
SF:src\repositories\vehicleRepository.js
FN:3,create
FN:13,findAll
FN:18,findById
FN:23,search
FN:38,update
FN:60,remove
FN:65,purchase
FN:73,restock
FNF:8
FNH:8
FNDA:1,create
FNDA:2,findAll
FNDA:4,findById
FNDA:7,search
FNDA:1,update
FNDA:2,remove
FNDA:3,purchase
FNDA:1,restock
DA:1,9
DA:4,1
DA:10,1
DA:14,2
DA:15,2
DA:19,4
DA:20,4
DA:24,7
DA:25,7
DA:27,7
DA:28,7
DA:29,7
DA:30,7
DA:31,7
DA:33,7
DA:34,7
DA:35,7
DA:39,1
DA:40,1
DA:41,1
DA:43,1
DA:44,5
DA:45,5
DA:46,5
DA:50,1
DA:52,1
DA:53,1
DA:57,1
DA:61,2
DA:62,2
DA:66,3
DA:70,3
DA:74,1
DA:78,1
DA:81,9
LF:35
LH:35
BRDA:20,0,0,4
BRDA:20,0,1,2
BRDA:27,1,0,2
BRDA:27,1,1,5
BRDA:28,2,0,1
BRDA:28,2,1,6
BRDA:29,3,0,2
BRDA:29,3,1,5
BRDA:30,4,0,2
BRDA:30,4,1,5
BRDA:31,5,0,2
BRDA:31,5,1,5
BRDA:33,6,0,7
BRDA:33,6,1,0
BRDA:44,7,0,5
BRDA:44,7,1,0
BRDA:50,8,0,0
BRDA:50,8,1,1
BRDA:57,9,0,1
BRDA:57,9,1,0
BRDA:62,10,0,2
BRDA:62,10,1,1
BRDA:70,11,0,3
BRDA:70,11,1,2
BRDA:78,12,0,1
BRDA:78,12,1,0
BRF:26
BRH:21
end_of_record
TN:
SF:src\routes\authRoutes.js
FNF:0
FNH:0
DA:1,9
DA:2,9
DA:4,9
DA:6,9
DA:7,9
DA:9,9
LF:6
LH:6
BRF:0
BRH:0
end_of_record
TN:
SF:src\routes\vehicleRoutes.js
FNF:0
FNH:0
DA:1,9
DA:2,9
DA:3,9
DA:5,9
DA:7,9
DA:8,9
DA:9,9
DA:10,9
DA:11,9
DA:12,9
DA:13,9
DA:14,9
DA:16,9
LF:13
LH:13
BRF:0
BRH:0
end_of_record
